<?xml version="1.0" encoding="UTF-8"?>
<!-- Generated by org.testng.reporters.JUnitReportReporter -->
<testsuite hostname="DESKTOP-5L5Q2EV" failures="0" tests="1" name="testCases.TC001_AccountRegistrationTest" time="5.004" errors="0" timestamp="2025-08-28T17:44:59 IST" skipped="0">
  <testcase classname="testCases.TC001_AccountRegistrationTest" name="verifyAccountRegistration" time="5.004"/>
</testsuite> <!-- testCases.TC001_AccountRegistrationTest -->
