<?xml version="1.0" encoding="UTF-8"?>
<!-- Generated by org.testng.reporters.JUnitReportReporter -->
<testsuite hostname="DESKTOP-5L5Q2EV" failures="0" tests="1" name="testCases.Tc002_LoginTest" time="1.583" errors="0" timestamp="2025-08-28T17:44:59 IST" skipped="0">
  <testcase classname="testCases.Tc002_LoginTest" name="verifyLogin" time="1.583"/>
</testsuite> <!-- testCases.Tc002_LoginTest -->
